<?xml version="1.0" encoding="UTF-8"?>
<Site BuildName="(empty)"
	BuildStamp="20251202-0947-Experimental"
	Name="sushant-ros"
	Generator="ctest-3.28.3"
	CompilerName="/usr/bin/g++"
	CompilerVersion="13.3.0"
	OSName="Linux"
	Hostname="sushant-ros"
	OSRelease="6.14.0-36-generic"
	OSVersion="#36~24.04.1-Ubuntu SMP PREEMPT_DYNAMIC Wed Oct 15 15:45:17 UTC 2"
	OSPlatform="x86_64"
	Is64Bits="1"
	VendorString="GenuineIntel"
	VendorID="Intel Corporation"
	FamilyID="6"
	ModelID="142"
	ProcessorCacheSize="6144"
	NumberOfLogicalCPU="8"
	NumberOfPhysicalCPU="4"
	TotalVirtualMemory="3822"
	TotalPhysicalMemory="3823"
	LogicalProcessorsPerPhysical="2"
	ProcessorClockFrequency="2301.67"
	>
	<Testing>
		<StartDateTime>Dec 02 19:25 +0545</StartDateTime>
		<StartTestTime>1764682804</StartTestTime>
		<TestList/>
		<EndDateTime>Dec 02 19:25 +0545</EndDateTime>
		<EndTestTime>1764682804</EndTestTime>
		<ElapsedMinutes>0</ElapsedMinutes>
	</Testing>
</Site>
