[0.047s] Invoking command in '/home/sushant-ros/Coding/ROS2_Learning/ROS2_Basics/ros2_ws/build/my_cpp_pkg': CMAKE_PREFIX_PATH=${CMAKE_PREFIX_PATH}:/home/sushant-ros/Coding/ROS2_Learning/ROS2_Basics/ros2_ws/install/my_py_pkg:/opt/ros/jazzy DEBUGINFOD_URLS=https://debuginfod.ubuntu.com /usr/bin/cmake --build /home/sushant-ros/Coding/ROS2_Learning/ROS2_Basics/ros2_ws/build/my_cpp_pkg -- -j8 -l8
[0.156s] -- Found ament_cmake: 2.5.4 (/opt/ros/jazzy/share/ament_cmake/cmake)
[1.036s] -- Found rclcpp: 28.1.13 (/opt/ros/jazzy/share/rclcpp/cmake)
[1.131s] -- Found rosidl_generator_c: 4.6.6 (/opt/ros/jazzy/share/rosidl_generator_c/cmake)
[1.179s] -- Found rosidl_generator_cpp: 4.6.6 (/opt/ros/jazzy/share/rosidl_generator_cpp/cmake)
[1.252s] -- Using all available rosidl_typesupport_c: rosidl_typesupport_fastrtps_c;rosidl_typesupport_introspection_c
[1.378s] -- Using all available rosidl_typesupport_cpp: rosidl_typesupport_fastrtps_cpp;rosidl_typesupport_introspection_cpp
[1.626s] -- Found rmw_implementation_cmake: 7.3.2 (/opt/ros/jazzy/share/rmw_implementation_cmake/cmake)
[1.631s] -- Found rmw_fastrtps_cpp: 8.4.3 (/opt/ros/jazzy/share/rmw_fastrtps_cpp/cmake)
[1.805s] -- Using RMW implementation 'rmw_fastrtps_cpp' as default
[1.951s] -- Found example_interfaces: 0.12.0 (/opt/ros/jazzy/share/example_interfaces/cmake)
[2.272s] -- Configuring done (2.1s)
[2.370s] -- Generating done (0.1s)
[2.401s] -- Build files have been written to: /home/sushant-ros/Coding/ROS2_Learning/ROS2_Basics/ros2_ws/build/my_cpp_pkg
[2.495s] [  7%] [32mBuilding CXX object CMakeFiles/add_two_ints_server.dir/src/add_two_ints_server.cpp.o[0m
[2.495s] [ 21%] Built target cpp_node_oop
[2.507s] [ 50%] Built target smartphone
[2.508s] [ 50%] Built target robot_news_station
[2.510s] [ 64%] Built target number_publisher
[2.514s] [ 78%] Built target number_counter
[2.521s] [ 92%] Built target cpp_node
[6.333s] [01m[K/home/sushant-ros/Coding/ROS2_Learning/ROS2_Basics/ros2_ws/src/my_cpp_pkg/src/add_two_ints_server.cpp:15:47:[m[K [01;31m[Kerror: [m[Kâ€˜[01m[Ksrc[m[Kâ€™ in namespace â€˜[01m[Kexample_interfaces[m[Kâ€™ does not name a type; did you mean â€˜[01m[Ksrv[m[Kâ€™?
[6.334s]    15 |                     const example_interfaces::[01;31m[Ksrc[m[K::AddTwoInts::Response::SharedPtr response)
[6.334s]       |                                               [01;31m[K^~~[m[K
[6.334s]       |                                               [32m[Ksrv[m[K
[6.334s] [01m[K/home/sushant-ros/Coding/ROS2_Learning/ROS2_Basics/ros2_ws/src/my_cpp_pkg/src/add_two_ints_server.cpp:15:62:[m[K [01;31m[Kerror: [m[Kexpected unqualified-id before â€˜[01m[K::[m[Kâ€™ token
[6.334s]    15 |                     const example_interfaces::src::AddTwoInts[01;31m[K::[m[KResponse::SharedPtr response)
[6.334s]       |                                                              [01;31m[K^~[m[K
[6.334s] [01m[K/home/sushant-ros/Coding/ROS2_Learning/ROS2_Basics/ros2_ws/src/my_cpp_pkg/src/add_two_ints_server.cpp:15:62:[m[K [01;31m[Kerror: [m[Kexpected â€˜[01m[K)[m[Kâ€™ before â€˜[01m[K::[m[Kâ€™ token
[6.334s]    15 |                     const example_interfaces::src::AddTwoInts[01;31m[K:[m[K[32m[K:[m[KResponse::SharedPtr response)
[6.334s]       |                                                              [01;31m[K^[m[K[32m[K~[m[K
[6.334s]       |                                                              [32m[K)[m[K
[6.335s] [01m[K/home/sushant-ros/Coding/ROS2_Learning/ROS2_Basics/ros2_ws/src/my_cpp_pkg/src/add_two_ints_server.cpp:14:31:[m[K [01;36m[Knote: [m[Kto match this â€˜[01m[K([m[Kâ€™
[6.335s]    14 |         void calbackAddTwoInts[01;36m[K([m[Kconst example_interfaces::srv::AddTwoInts::Request::SharedPtr request,
[6.335s]       |                               [01;36m[K^[m[K
[6.335s] [01m[K/home/sushant-ros/Coding/ROS2_Learning/ROS2_Basics/ros2_ws/src/my_cpp_pkg/src/add_two_ints_server.cpp:15:52:[m[K [01;31m[Kerror: [m[Kexpected â€˜[01m[K;[m[Kâ€™ at end of member declaration
[6.335s]    15 |                     const example_interfaces::src::[01;31m[KAddTwoInts[m[K::Response::SharedPtr response)
[6.335s]       |                                                    [01;31m[K^~~~~~~~~~[m[K
[6.335s]       |                                                              [32m[K;[m[K
[6.337s] [01m[K/home/sushant-ros/Coding/ROS2_Learning/ROS2_Basics/ros2_ws/src/my_cpp_pkg/src/add_two_ints_server.cpp:15:64:[m[K [01;31m[Kerror: [m[Kâ€˜[01m[KResponse[m[Kâ€™ in namespace â€˜[01m[K::[m[Kâ€™ does not name a type
[6.337s]    15 |                     const example_interfaces::src::AddTwoInts::[01;31m[KResponse[m[K::SharedPtr response)
[6.337s]       |                                                                [01;31m[K^~~~~~~~[m[K
[6.352s] [01m[K/home/sushant-ros/Coding/ROS2_Learning/ROS2_Basics/ros2_ws/src/my_cpp_pkg/src/add_two_ints_server.cpp:22:2:[m[K [01;31m[Kerror: [m[Kexpected â€˜[01m[K;[m[Kâ€™ after class definition
[6.352s]    22 | }
[6.352s]       |  [01;31m[K^[m[K
[6.353s]       |  [32m[K;[m[K
[6.353s] [01m[K/home/sushant-ros/Coding/ROS2_Learning/ROS2_Basics/ros2_ws/src/my_cpp_pkg/src/add_two_ints_server.cpp:[m[K In constructor â€˜[01m[KAddTwoIntsServerNode::[01;32m[KAddTwoIntsServerNode[m[K()[m[Kâ€™:
[6.353s] [01m[K/home/sushant-ros/Coding/ROS2_Learning/ROS2_Basics/ros2_ws/src/my_cpp_pkg/src/add_two_ints_server.cpp:10:128:[m[K [01;31m[Kerror: [m[Kâ€˜[01m[KcallbackAddTwoInts[m[Kâ€™ is not a member of â€˜[01m[KAddTwoIntsServerNode[m[Kâ€™
[6.353s]    10 |             server_=this->create_service<example_interfaces::srv::AddTwoInts>("add_two_ints", std::bind(&AddTwoIntsServerNode::[01;31m[KcallbackAddTwoInts[m[K, this , _1, _2));
[6.353s]       |                                                                                                                                [01;31m[K^~~~~~~~~~~~~~~~~~[m[K
[7.326s] gmake[2]: *** [CMakeFiles/add_two_ints_server.dir/build.make:76: CMakeFiles/add_two_ints_server.dir/src/add_two_ints_server.cpp.o] Error 1
[7.326s] gmake[1]: *** [CMakeFiles/Makefile2:305: CMakeFiles/add_two_ints_server.dir/all] Error 2
[7.326s] gmake: *** [Makefile:146: all] Error 2
[7.332s] Invoked command in '/home/sushant-ros/Coding/ROS2_Learning/ROS2_Basics/ros2_ws/build/my_cpp_pkg' returned '2': CMAKE_PREFIX_PATH=${CMAKE_PREFIX_PATH}:/home/sushant-ros/Coding/ROS2_Learning/ROS2_Basics/ros2_ws/install/my_py_pkg:/opt/ros/jazzy DEBUGINFOD_URLS=https://debuginfod.ubuntu.com /usr/bin/cmake --build /home/sushant-ros/Coding/ROS2_Learning/ROS2_Basics/ros2_ws/build/my_cpp_pkg -- -j8 -l8
