<?xml version="1.0" encoding="UTF-8"?>
<Site BuildName="(empty)"
	BuildStamp="20251201-0702-Experimental"
	Name="sushant-ros"
	Generator="ctest-3.28.3"
	CompilerName="/usr/bin/g++"
	CompilerVersion="13.3.0"
	OSName="Linux"
	Hostname="sushant-ros"
	OSRelease="6.14.0-36-generic"
	OSVersion="#36~24.04.1-Ubuntu SMP PREEMPT_DYNAMIC Wed Oct 15 15:45:17 UTC 2"
	OSPlatform="x86_64"
	Is64Bits="1"
	VendorString="GenuineIntel"
	VendorID="Intel Corporation"
	FamilyID="6"
	ModelID="142"
	ProcessorCacheSize="6144"
	NumberOfLogicalCPU="8"
	NumberOfPhysicalCPU="4"
	TotalVirtualMemory="3822"
	TotalPhysicalMemory="3823"
	LogicalProcessorsPerPhysical="2"
	ProcessorClockFrequency="1999.98"
	>
	<Testing>
		<StartDateTime>Dec 01 12:49 +0545</StartDateTime>
		<StartTestTime>1764572664</StartTestTime>
		<TestList/>
		<EndDateTime>Dec 01 12:49 +0545</EndDateTime>
		<EndTestTime>1764572664</EndTestTime>
		<ElapsedMinutes>0</ElapsedMinutes>
	</Testing>
</Site>
