[01m[K/home/sushant-ros/Coding/ROS2_Learning/ROS2_Basics/ros2_ws/src/my_cpp_pkg/src/smartphone.cpp:7:33:[m[K [01;35m[Kwarning: [m[Kcharacter constant too long for its type
    7 |         SmartphoneNode() : Node([01;35m[K'smartphone'[m[K)
      |                                 [01;35m[K^~~~~~~~~~~~[m[K
[01m[K/home/sushant-ros/Coding/ROS2_Learning/ROS2_Basics/ros2_ws/src/my_cpp_pkg/src/smartphone.cpp:28:2:[m[K [01;31m[Kerror: [m[Kunterminated argument list invoking macro "RCLCPP_INFO"
   28 | }
      |  [01;31m[K^[m[K
[01m[K/home/sushant-ros/Coding/ROS2_Learning/ROS2_Basics/ros2_ws/src/my_cpp_pkg/src/smartphone.cpp:17:20:[m[K [01;31m[Kerror: [m[Kexpected â€˜[01m[K}[m[Kâ€™ at end of input
   17 |         RCLCPP_INFO[01;31m[K([m[Kthis->get_logger(),"%s", msg->data.c_str();
      |                    [01;31m[K^[m[K
[01m[K/home/sushant-ros/Coding/ROS2_Learning/ROS2_Basics/ros2_ws/src/my_cpp_pkg/src/smartphone.cpp:5:1:[m[K [01;36m[Knote: [m[Kto match this â€˜[01m[K{[m[Kâ€™
    5 | [01;36m[K{[m[K
      | [01;36m[K^[m[K
[01m[K/home/sushant-ros/Coding/ROS2_Learning/ROS2_Basics/ros2_ws/src/my_cpp_pkg/src/smartphone.cpp:[m[K In constructor â€˜[01m[KSmartphoneNode::[01;32m[KSmartphoneNode[m[K()[m[Kâ€™:
[01m[K/home/sushant-ros/Coding/ROS2_Learning/ROS2_Basics/ros2_ws/src/my_cpp_pkg/src/smartphone.cpp:7:45:[m[K [01;31m[Kerror: [m[Kno matching function for call to â€˜[01m[Krclcpp::Node::Node(int)[m[Kâ€™
    7 |         SmartphoneNode() : Node('smartphone'[01;31m[K)[m[K
      |                                             [01;31m[K^[m[K
In file included from [01m[K/opt/ros/jazzy/include/rclcpp/rclcpp/executors/single_threaded_executor.hpp:28[m[K,
                 from [01m[K/opt/ros/jazzy/include/rclcpp/rclcpp/executors.hpp:22[m[K,
                 from [01m[K/opt/ros/jazzy/include/rclcpp/rclcpp/rclcpp.hpp:172[m[K,
                 from [01m[K/home/sushant-ros/Coding/ROS2_Learning/ROS2_Basics/ros2_ws/src/my_cpp_pkg/src/smartphone.cpp:1[m[K:
[01m[K/opt/ros/jazzy/include/rclcpp/rclcpp/node.hpp:1629:3:[m[K [01;36m[Knote: [m[Kcandidate: â€˜[01m[Krclcpp::Node::[01;32m[KNode[m[K(const rclcpp::Node&, const std::string&)[m[Kâ€™
 1629 |   [01;36m[KNode[m[K(
      |   [01;36m[K^~~~[m[K
[01m[K/opt/ros/jazzy/include/rclcpp/rclcpp/node.hpp:1629:3:[m[K [01;36m[Knote: [m[K  candidate expects 2 arguments, 1 provided
[01m[K/opt/ros/jazzy/include/rclcpp/rclcpp/node.hpp:103:12:[m[K [01;36m[Knote: [m[Kcandidate: â€˜[01m[Krclcpp::Node::[01;32m[KNode[m[K(const std::string&, const std::string&, const rclcpp::NodeOptions&)[m[Kâ€™
  103 |   explicit [01;36m[KNode[m[K(
      |            [01;36m[K^~~~[m[K
[01m[K/opt/ros/jazzy/include/rclcpp/rclcpp/node.hpp:103:12:[m[K [01;36m[Knote: [m[K  candidate expects 3 arguments, 1 provided
[01m[K/opt/ros/jazzy/include/rclcpp/rclcpp/node.hpp:91:12:[m[K [01;36m[Knote: [m[Kcandidate: â€˜[01m[Krclcpp::Node::[01;32m[KNode[m[K(const std::string&, const rclcpp::NodeOptions&)[m[Kâ€™
   91 |   explicit [01;36m[KNode[m[K(
      |            [01;36m[K^~~~[m[K
[01m[K/opt/ros/jazzy/include/rclcpp/rclcpp/node.hpp:92:25:[m[K [01;36m[Knote: [m[K  no known conversion for argument 1 from â€˜[01m[Kint[m[Kâ€™ to â€˜[01m[Kconst std::string&[m[Kâ€™ {aka â€˜[01m[Kconst std::__cxx11::basic_string<char>&[m[Kâ€™}
   92 |     [01;36m[Kconst std::string & node_name[m[K,
      |     [01;36m[K~~~~~~~~~~~~~~~~~~~~^~~~~~~~~[m[K
[01m[K/home/sushant-ros/Coding/ROS2_Learning/ROS2_Basics/ros2_ws/src/my_cpp_pkg/src/smartphone.cpp:9:9:[m[K [01;31m[Kerror: [m[Kâ€˜[01m[Ksubscriber_[m[Kâ€™ was not declared in this scope
    9 |         [01;31m[Ksubscriber_[m[K=this->create_Subscription<example_interfaces::msg::String>("robot_news", 10,
      |         [01;31m[K^~~~~~~~~~~[m[K
[01m[K/home/sushant-ros/Coding/ROS2_Learning/ROS2_Basics/ros2_ws/src/my_cpp_pkg/src/smartphone.cpp:9:27:[m[K [01;31m[Kerror: [m[Kâ€˜[01m[Kclass SmartphoneNode[m[Kâ€™ has no member named â€˜[01m[Kcreate_Subscription[m[Kâ€™; did you mean â€˜[01m[Kcreate_subscription[m[Kâ€™?
    9 |         subscriber_=this->[01;31m[Kcreate_Subscription[m[K<example_interfaces::msg::String>("robot_news", 10,
      |                           [01;31m[K^~~~~~~~~~~~~~~~~~~[m[K
      |                           [32m[Kcreate_subscription[m[K
[01m[K/home/sushant-ros/Coding/ROS2_Learning/ROS2_Basics/ros2_ws/src/my_cpp_pkg/src/smartphone.cpp:9:78:[m[K [01;31m[Kerror: [m[Kexpected primary-expression before â€˜[01m[K>[m[Kâ€™ token
    9 |         subscriber_=this->create_Subscription<example_interfaces::msg::String[01;31m[K>[m[K("robot_news", 10,
      |                                                                              [01;31m[K^[m[K
[01m[K/home/sushant-ros/Coding/ROS2_Learning/ROS2_Basics/ros2_ws/src/my_cpp_pkg/src/smartphone.cpp:9:80:[m[K [01;35m[Kwarning: [m[Kleft operand of comma operator has no effect [[01;35m[K]8;;https://gcc.gnu.org/onlinedocs/gcc/Warning-Options.html#index-Wunused-value-Wunused-value]8;;[m[K]
    9 |         subscriber_=this->create_Subscription<example_interfaces::msg::String>([01;35m[K"robot_news"[m[K, 10,
      |                                                                                [01;35m[K^~~~~~~~~~~~[m[K
[01m[K/home/sushant-ros/Coding/ROS2_Learning/ROS2_Basics/ros2_ws/src/my_cpp_pkg/src/smartphone.cpp:10:86:[m[K [01;35m[Kwarning: [m[Kright operand of comma operator has no effect [[01;35m[K]8;;https://gcc.gnu.org/onlinedocs/gcc/Warning-Options.html#index-Wunused-value-Wunused-value]8;;[m[K]
   10 |             std::bind(&SmartphoneNode::callbackRobotNews, this, std::placeholders::_1[01;35m[K)[m[K);
      |                                                                                      [01;35m[K^[m[K
[01m[K/home/sushant-ros/Coding/ROS2_Learning/ROS2_Basics/ros2_ws/src/my_cpp_pkg/src/smartphone.cpp:[m[K In member function â€˜[01m[Kvoid SmartphoneNode::[01;32m[KcallbackRobotNews[m[K(example_interfaces::msg::String_<std::allocator<void> >::SharedPtr)[m[Kâ€™:
[01m[K/home/sushant-ros/Coding/ROS2_Learning/ROS2_Basics/ros2_ws/src/my_cpp_pkg/src/smartphone.cpp:17:9:[m[K [01;31m[Kerror: [m[Kâ€˜[01m[KRCLCPP_INFO[m[Kâ€™ was not declared in this scope
   17 |         [01;31m[KRCLCPP_INFO[m[K(this->get_logger(),"%s", msg->data.c_str();
      |         [01;31m[K^~~~~~~~~~~[m[K
[01m[K/home/sushant-ros/Coding/ROS2_Learning/ROS2_Basics/ros2_ws/src/my_cpp_pkg/src/smartphone.cpp:17:20:[m[K [01;31m[Kerror: [m[Kexpected â€˜[01m[K}[m[Kâ€™ at end of input
   17 |         RCLCPP_INFO[01;31m[K([m[Kthis->get_logger(),"%s", msg->data.c_str();
      |                    [01;31m[K^[m[K
[01m[K/home/sushant-ros/Coding/ROS2_Learning/ROS2_Basics/ros2_ws/src/my_cpp_pkg/src/smartphone.cpp:16:81:[m[K [01;36m[Knote: [m[Kto match this â€˜[01m[K{[m[Kâ€™
   16 |     void callbackRobotNews(const example_interfaces::msg::String::SharedPtr msg)[01;36m[K{[m[K
      |                                                                                 [01;36m[K^[m[K
[01m[K/home/sushant-ros/Coding/ROS2_Learning/ROS2_Basics/ros2_ws/src/my_cpp_pkg/src/smartphone.cpp:16:77:[m[K [01;35m[Kwarning: [m[Kunused parameter â€˜[01m[Kmsg[m[Kâ€™ [[01;35m[K]8;;https://gcc.gnu.org/onlinedocs/gcc/Warning-Options.html#index-Wunused-parameter-Wunused-parameter]8;;[m[K]
   16 |     void callbackRobotNews([01;35m[Kconst example_interfaces::msg::String::SharedPtr msg[m[K){
      |                            [01;35m[K~~~~~~~~~~~~~~~~~~~~~~~~~~~~~~~~~~~~~~~~~~~~~~~~~^~~[m[K
[01m[K/home/sushant-ros/Coding/ROS2_Learning/ROS2_Basics/ros2_ws/src/my_cpp_pkg/src/smartphone.cpp:[m[K At global scope:
[01m[K/home/sushant-ros/Coding/ROS2_Learning/ROS2_Basics/ros2_ws/src/my_cpp_pkg/src/smartphone.cpp:17:20:[m[K [01;31m[Kerror: [m[Kexpected unqualified-id at end of input
   17 |         RCLCPP_INFO[01;31m[K([m[Kthis->get_logger(),"%s", msg->data.c_str();
      |                    [01;31m[K^[m[K
gmake[2]: *** [CMakeFiles/smartphone.dir/build.make:76: CMakeFiles/smartphone.dir/src/smartphone.cpp.o] Error 1
gmake[1]: *** [CMakeFiles/Makefile2:221: CMakeFiles/smartphone.dir/all] Error 2
gmake: *** [Makefile:146: all] Error 2
