[0.015s] Invoking command in '/home/sushant-ros/Coding/ROS2_Learning/ROS2_Basics/ros2_ws/build/my_cpp_pkg': CMAKE_PREFIX_PATH=${CMAKE_PREFIX_PATH}:/home/sushant-ros/Coding/ROS2_Learning/ROS2_Basics/ros2_ws/install/my_py_pkg:/opt/ros/jazzy DEBUGINFOD_URLS=https://debuginfod.ubuntu.com /usr/bin/cmake --build /home/sushant-ros/Coding/ROS2_Learning/ROS2_Basics/ros2_ws/build/my_cpp_pkg -- -j8 -l8
[0.113s] [ 20%] Built target cpp_node_oop
[0.118s] [ 40%] Built target robot_news_station
[0.119s] [ 60%] Built target cpp_node
[0.126s] [ 80%] Built target smartphone
[0.129s] [ 90%] [32mBuilding CXX object CMakeFiles/number_publisher.dir/src/number_publisher.cpp.o[0m
[3.483s] [01m[K/home/sushant-ros/Coding/ROS2_Learning/ROS2_Basics/ros2_ws/src/my_cpp_pkg/src/number_publisher.cpp:[m[K In constructor â€˜[01m[KNumberPublisherNode::[01;32m[KNumberPublisherNode[m[K()[m[Kâ€™:
[3.484s] [01m[K/home/sushant-ros/Coding/ROS2_Learning/ROS2_Basics/ros2_ws/src/my_cpp_pkg/src/number_publisher.cpp:12:88:[m[K [01;31m[Kerror: [m[Kâ€˜[01m[KpublishNumber[m[Kâ€™ is not a member of â€˜[01m[KNumberPublisherNode[m[Kâ€™
[3.484s]    12 |             number_timer_= this->create_wall_timer(1s, std::bind(&NumberPublisherNode::[01;31m[KpublishNumber[m[K, this));
[3.484s]       |                                                                                        [01;31m[K^~~~~~~~~~~~~[m[K
[3.485s] In file included from [01m[K/opt/ros/jazzy/include/rclcpp/rclcpp/copy_all_parameter_values.hpp:27[m[K,
[3.485s]                  from [01m[K/opt/ros/jazzy/include/rclcpp/rclcpp/rclcpp.hpp:171[m[K,
[3.485s]                  from [01m[K/home/sushant-ros/Coding/ROS2_Learning/ROS2_Basics/ros2_ws/src/my_cpp_pkg/src/number_publisher.cpp:1[m[K:
[3.485s] [01m[K/home/sushant-ros/Coding/ROS2_Learning/ROS2_Basics/ros2_ws/src/my_cpp_pkg/src/number_publisher.cpp:13:29:[m[K [01;31m[Kerror: [m[Kno match for â€˜[01m[Koperator-[m[Kâ€™ (operand types are â€˜[01m[KNumberPublisherNode*[m[Kâ€™ and â€˜[01m[Krclcpp::Logger[m[Kâ€™)
[3.485s]    13 |             RCLCPP_INFO([32m[Kthis[m[K[01;31m[K-[m[K[34m[Kget_logger()[m[K, "Number Publisher has Started.");
[3.486s]       |                         [32m[K~~~~[m[K[01;31m[K^[m[K[34m[K~~~~~~~~~~~~[m[K
[3.486s]       |                         [32m[K|[m[K              [34m[K|[m[K
[3.486s]       |                         [32m[K|[m[K              [34m[Krclcpp::Logger[m[K
[3.486s]       |                         [32m[KNumberPublisherNode*[m[K
[3.486s] In file included from [01m[K/usr/include/c++/13/bits/stl_algobase.h:67[m[K,
[3.486s]                  from [01m[K/usr/include/c++/13/bits/stl_uninitialized.h:63[m[K,
[3.486s]                  from [01m[K/usr/include/c++/13/memory:69[m[K,
[3.486s]                  from [01m[K/opt/ros/jazzy/include/rclcpp/rclcpp/rclcpp.hpp:169[m[K:
[3.487s] [01m[K/usr/include/c++/13/bits/stl_iterator.h:625:5:[m[K [01;36m[Knote: [m[Kcandidate: â€˜[01m[Ktemplate<class _IteratorL, class _IteratorR> constexpr decltype ((__y.base() - __x.base())) std::[01;32m[Koperator-[m[K(const reverse_iterator<_Iterator>&, const reverse_iterator<_IteratorR>&)[m[Kâ€™
[3.487s]   625 |     [01;36m[Koperator[m[K-(const reverse_iterator<_IteratorL>& __x,
[3.487s]       |     [01;36m[K^~~~~~~~[m[K
[3.487s] [01m[K/usr/include/c++/13/bits/stl_iterator.h:625:5:[m[K [01;36m[Knote: [m[K  template argument deduction/substitution failed:
[3.487s] [01m[K/home/sushant-ros/Coding/ROS2_Learning/ROS2_Basics/ros2_ws/src/my_cpp_pkg/src/number_publisher.cpp:13:41:[m[K [01;36m[Knote: [m[K  mismatched types â€˜[01m[Kconst std::reverse_iterator<_Iterator>[m[Kâ€™ and â€˜[01m[KNumberPublisherNode*[m[Kâ€™
[3.487s]    13 |             RCLCPP_INFO(this-get_logger([01;36m[K)[m[K, "Number Publisher has Started.");
[3.487s]       |                                         [01;36m[K^[m[K
[3.487s] [01m[K/usr/include/c++/13/bits/stl_iterator.h:1800:5:[m[K [01;36m[Knote: [m[Kcandidate: â€˜[01m[Ktemplate<class _IteratorL, class _IteratorR> constexpr decltype ((__x.base() - __y.base())) std::[01;32m[Koperator-[m[K(const move_iterator<_IteratorL>&, const move_iterator<_IteratorR>&)[m[Kâ€™
[3.487s]  1800 |     [01;36m[Koperator[m[K-(const move_iterator<_IteratorL>& __x,
[3.488s]       |     [01;36m[K^~~~~~~~[m[K
[3.488s] [01m[K/usr/include/c++/13/bits/stl_iterator.h:1800:5:[m[K [01;36m[Knote: [m[K  template argument deduction/substitution failed:
[3.488s] [01m[K/home/sushant-ros/Coding/ROS2_Learning/ROS2_Basics/ros2_ws/src/my_cpp_pkg/src/number_publisher.cpp:13:41:[m[K [01;36m[Knote: [m[K  mismatched types â€˜[01m[Kconst std::move_iterator<_IteratorL>[m[Kâ€™ and â€˜[01m[KNumberPublisherNode*[m[Kâ€™
[3.488s]    13 |             RCLCPP_INFO(this-get_logger([01;36m[K)[m[K, "Number Publisher has Started.");
[3.488s]       |                                         [01;36m[K^[m[K
[3.488s] In file included from [01m[K/opt/ros/jazzy/include/rclcpp/rclcpp/time.hpp:24[m[K,
[3.488s]                  from [01m[K/opt/ros/jazzy/include/rclcpp/rclcpp/clock.hpp:24[m[K,
[3.488s]                  from [01m[K/opt/ros/jazzy/include/rclcpp/rclcpp/client.hpp:38[m[K,
[3.488s]                  from [01m[K/opt/ros/jazzy/include/rclcpp/rclcpp/callback_group.hpp:24[m[K,
[3.489s]                  from [01m[K/opt/ros/jazzy/include/rclcpp/rclcpp/any_executable.hpp:20[m[K,
[3.489s]                  from [01m[K/opt/ros/jazzy/include/rclcpp/rclcpp/memory_strategy.hpp:25[m[K,
[3.489s]                  from [01m[K/opt/ros/jazzy/include/rclcpp/rclcpp/memory_strategies.hpp:18[m[K,
[3.489s]                  from [01m[K/opt/ros/jazzy/include/rclcpp/rclcpp/executor_options.hpp:22[m[K,
[3.489s]                  from [01m[K/opt/ros/jazzy/include/rclcpp/rclcpp/executor.hpp:38[m[K,
[3.489s]                  from [01m[K/opt/ros/jazzy/include/rclcpp/rclcpp/executors/multi_threaded_executor.hpp:25[m[K,
[3.489s]                  from [01m[K/opt/ros/jazzy/include/rclcpp/rclcpp/executors.hpp:21[m[K,
[3.489s]                  from [01m[K/opt/ros/jazzy/include/rclcpp/rclcpp/rclcpp.hpp:172[m[K:
[3.489s] [01m[K/opt/ros/jazzy/include/rclcpp/rclcpp/duration.hpp:168:1:[m[K [01;36m[Knote: [m[Kcandidate: â€˜[01m[Kbuiltin_interfaces::msg::Time rclcpp::[01;32m[Koperator-[m[K(const builtin_interfaces::msg::Time&, const Duration&)[m[Kâ€™
[3.490s]   168 | [01;36m[Koperator[m[K-(const builtin_interfaces::msg::Time & lhs, const rclcpp::Duration & rhs);
[3.490s]       | [01;36m[K^~~~~~~~[m[K
[3.490s] [01m[K/opt/ros/jazzy/include/rclcpp/rclcpp/duration.hpp:168:49:[m[K [01;36m[Knote: [m[K  no known conversion for argument 1 from â€˜[01m[KNumberPublisherNode*[m[Kâ€™ to â€˜[01m[Kconst builtin_interfaces::msg::Time&[m[Kâ€™ {aka â€˜[01m[Kconst builtin_interfaces::msg::Time_<std::allocator<void> >&[m[Kâ€™}
[3.490s]   168 | operator-([01;36m[Kconst builtin_interfaces::msg::Time & lhs[m[K, const rclcpp::Duration & rhs);
[3.490s]       |           [01;36m[K~~~~~~~~~~~~~~~~~~~~~~~~~~~~~~~~~~~~~~^~~[m[K
[3.490s] [01m[K/home/sushant-ros/Coding/ROS2_Learning/ROS2_Basics/ros2_ws/src/my_cpp_pkg/src/number_publisher.cpp:13:13:[m[K [01;31m[Kerror: [m[Ktemplate argument 1 is invalid
[3.490s]    13 |             [01;31m[KRCLCPP_INFO[m[K(this-get_logger(), "Number Publisher has Started.");
[3.490s]       |             [01;31m[K^~~~~~~~~~~[m[K
[3.491s] In file included from [01m[K/opt/ros/jazzy/include/rclcpp/rclcpp/logging.hpp:24[m[K:
[3.491s] [01m[K/home/sushant-ros/Coding/ROS2_Learning/ROS2_Basics/ros2_ws/src/my_cpp_pkg/src/number_publisher.cpp:13:29:[m[K [01;31m[Kerror: [m[Kno match for â€˜[01m[Koperator-[m[Kâ€™ (operand types are â€˜[01m[KNumberPublisherNode*[m[Kâ€™ and â€˜[01m[Krclcpp::Logger[m[Kâ€™)
[3.491s]    13 |             RCLCPP_INFO([32m[Kthis[m[K[01;31m[K-[m[K[34m[Kget_logger()[m[K, "Number Publisher has Started.");
[3.491s]       |                         [32m[K~~~~[m[K[01;31m[K^[m[K[34m[K~~~~~~~~~~~~[m[K
[3.491s]       |                         [32m[K|[m[K              [34m[K|[m[K
[3.491s]       |                         [32m[K|[m[K              [34m[Krclcpp::Logger[m[K
[3.491s]       |                         [32m[KNumberPublisherNode*[m[K
[3.491s] [01m[K/usr/include/c++/13/bits/stl_iterator.h:625:5:[m[K [01;36m[Knote: [m[Kcandidate: â€˜[01m[Ktemplate<class _IteratorL, class _IteratorR> constexpr decltype ((__y.base() - __x.base())) std::[01;32m[Koperator-[m[K(const reverse_iterator<_Iterator>&, const reverse_iterator<_IteratorR>&)[m[Kâ€™
[3.491s]   625 |     [01;36m[Koperator[m[K-(const reverse_iterator<_IteratorL>& __x,
[3.492s]       |     [01;36m[K^~~~~~~~[m[K
[3.492s] [01m[K/usr/include/c++/13/bits/stl_iterator.h:625:5:[m[K [01;36m[Knote: [m[K  template argument deduction/substitution failed:
[3.492s] [01m[K/home/sushant-ros/Coding/ROS2_Learning/ROS2_Basics/ros2_ws/src/my_cpp_pkg/src/number_publisher.cpp:13:41:[m[K [01;36m[Knote: [m[K  mismatched types â€˜[01m[Kconst std::reverse_iterator<_Iterator>[m[Kâ€™ and â€˜[01m[KNumberPublisherNode*[m[Kâ€™
[3.492s]    13 |             RCLCPP_INFO(this-get_logger([01;36m[K)[m[K, "Number Publisher has Started.");
[3.492s]       |                                         [01;36m[K^[m[K
[3.492s] [01m[K/usr/include/c++/13/bits/stl_iterator.h:1800:5:[m[K [01;36m[Knote: [m[Kcandidate: â€˜[01m[Ktemplate<class _IteratorL, class _IteratorR> constexpr decltype ((__x.base() - __y.base())) std::[01;32m[Koperator-[m[K(const move_iterator<_IteratorL>&, const move_iterator<_IteratorR>&)[m[Kâ€™
[3.492s]  1800 |     [01;36m[Koperator[m[K-(const move_iterator<_IteratorL>& __x,
[3.492s]       |     [01;36m[K^~~~~~~~[m[K
[3.493s] [01m[K/usr/include/c++/13/bits/stl_iterator.h:1800:5:[m[K [01;36m[Knote: [m[K  template argument deduction/substitution failed:
[3.493s] [01m[K/home/sushant-ros/Coding/ROS2_Learning/ROS2_Basics/ros2_ws/src/my_cpp_pkg/src/number_publisher.cpp:13:41:[m[K [01;36m[Knote: [m[K  mismatched types â€˜[01m[Kconst std::move_iterator<_IteratorL>[m[Kâ€™ and â€˜[01m[KNumberPublisherNode*[m[Kâ€™
[3.493s]    13 |             RCLCPP_INFO(this-get_logger([01;36m[K)[m[K, "Number Publisher has Started.");
[3.493s]       |                                         [01;36m[K^[m[K
[3.493s] [01m[K/opt/ros/jazzy/include/rclcpp/rclcpp/duration.hpp:168:1:[m[K [01;36m[Knote: [m[Kcandidate: â€˜[01m[Kbuiltin_interfaces::msg::Time rclcpp::[01;32m[Koperator-[m[K(const builtin_interfaces::msg::Time&, const Duration&)[m[Kâ€™
[3.493s]   168 | [01;36m[Koperator[m[K-(const builtin_interfaces::msg::Time & lhs, const rclcpp::Duration & rhs);
[3.493s]       | [01;36m[K^~~~~~~~[m[K
[3.493s] [01m[K/opt/ros/jazzy/include/rclcpp/rclcpp/duration.hpp:168:49:[m[K [01;36m[Knote: [m[K  no known conversion for argument 1 from â€˜[01m[KNumberPublisherNode*[m[Kâ€™ to â€˜[01m[Kconst builtin_interfaces::msg::Time&[m[Kâ€™ {aka â€˜[01m[Kconst builtin_interfaces::msg::Time_<std::allocator<void> >&[m[Kâ€™}
[3.493s]   168 | operator-([01;36m[Kconst builtin_interfaces::msg::Time & lhs[m[K, const rclcpp::Duration & rhs);
[3.494s]       |           [01;36m[K~~~~~~~~~~~~~~~~~~~~~~~~~~~~~~~~~~~~~~^~~[m[K
[3.494s] [01m[K/home/sushant-ros/Coding/ROS2_Learning/ROS2_Basics/ros2_ws/src/my_cpp_pkg/src/number_publisher.cpp:13:29:[m[K [01;31m[Kerror: [m[Kno match for â€˜[01m[Koperator-[m[Kâ€™ (operand types are â€˜[01m[KNumberPublisherNode*[m[Kâ€™ and â€˜[01m[Krclcpp::Logger[m[Kâ€™)
[3.494s]    13 |             RCLCPP_INFO([32m[Kthis[m[K[01;31m[K-[m[K[34m[Kget_logger()[m[K, "Number Publisher has Started.");
[3.494s]       |                         [32m[K~~~~[m[K[01;31m[K^[m[K[34m[K~~~~~~~~~~~~[m[K
[3.494s]       |                         [32m[K|[m[K              [34m[K|[m[K
[3.494s]       |                         [32m[K|[m[K              [34m[Krclcpp::Logger[m[K
[3.494s]       |                         [32m[KNumberPublisherNode*[m[K
[3.494s] [01m[K/usr/include/c++/13/bits/stl_iterator.h:625:5:[m[K [01;36m[Knote: [m[Kcandidate: â€˜[01m[Ktemplate<class _IteratorL, class _IteratorR> constexpr decltype ((__y.base() - __x.base())) std::[01;32m[Koperator-[m[K(const reverse_iterator<_Iterator>&, const reverse_iterator<_IteratorR>&)[m[Kâ€™
[3.494s]   625 |     [01;36m[Koperator[m[K-(const reverse_iterator<_IteratorL>& __x,
[3.495s]       |     [01;36m[K^~~~~~~~[m[K
[3.495s] [01m[K/usr/include/c++/13/bits/stl_iterator.h:625:5:[m[K [01;36m[Knote: [m[K  template argument deduction/substitution failed:
[3.495s] [01m[K/home/sushant-ros/Coding/ROS2_Learning/ROS2_Basics/ros2_ws/src/my_cpp_pkg/src/number_publisher.cpp:13:41:[m[K [01;36m[Knote: [m[K  mismatched types â€˜[01m[Kconst std::reverse_iterator<_Iterator>[m[Kâ€™ and â€˜[01m[KNumberPublisherNode*[m[Kâ€™
[3.495s]    13 |             RCLCPP_INFO(this-get_logger([01;36m[K)[m[K, "Number Publisher has Started.");
[3.495s]       |                                         [01;36m[K^[m[K
[3.495s] [01m[K/usr/include/c++/13/bits/stl_iterator.h:1800:5:[m[K [01;36m[Knote: [m[Kcandidate: â€˜[01m[Ktemplate<class _IteratorL, class _IteratorR> constexpr decltype ((__x.base() - __y.base())) std::[01;32m[Koperator-[m[K(const move_iterator<_IteratorL>&, const move_iterator<_IteratorR>&)[m[Kâ€™
[3.495s]  1800 |     [01;36m[Koperator[m[K-(const move_iterator<_IteratorL>& __x,
[3.495s]       |     [01;36m[K^~~~~~~~[m[K
[3.495s] [01m[K/usr/include/c++/13/bits/stl_iterator.h:1800:5:[m[K [01;36m[Knote: [m[K  template argument deduction/substitution failed:
[3.496s] [01m[K/home/sushant-ros/Coding/ROS2_Learning/ROS2_Basics/ros2_ws/src/my_cpp_pkg/src/number_publisher.cpp:13:41:[m[K [01;36m[Knote: [m[K  mismatched types â€˜[01m[Kconst std::move_iterator<_IteratorL>[m[Kâ€™ and â€˜[01m[KNumberPublisherNode*[m[Kâ€™
[3.496s]    13 |             RCLCPP_INFO(this-get_logger([01;36m[K)[m[K, "Number Publisher has Started.");
[3.496s]       |                                         [01;36m[K^[m[K
[3.496s] [01m[K/opt/ros/jazzy/include/rclcpp/rclcpp/duration.hpp:168:1:[m[K [01;36m[Knote: [m[Kcandidate: â€˜[01m[Kbuiltin_interfaces::msg::Time rclcpp::[01;32m[Koperator-[m[K(const builtin_interfaces::msg::Time&, const Duration&)[m[Kâ€™
[3.496s]   168 | [01;36m[Koperator[m[K-(const builtin_interfaces::msg::Time & lhs, const rclcpp::Duration & rhs);
[3.496s]       | [01;36m[K^~~~~~~~[m[K
[3.496s] [01m[K/opt/ros/jazzy/include/rclcpp/rclcpp/duration.hpp:168:49:[m[K [01;36m[Knote: [m[K  no known conversion for argument 1 from â€˜[01m[KNumberPublisherNode*[m[Kâ€™ to â€˜[01m[Kconst builtin_interfaces::msg::Time&[m[Kâ€™ {aka â€˜[01m[Kconst builtin_interfaces::msg::Time_<std::allocator<void> >&[m[Kâ€™}
[3.496s]   168 | operator-([01;36m[Kconst builtin_interfaces::msg::Time & lhs[m[K, const rclcpp::Duration & rhs);
[3.497s]       |           [01;36m[K~~~~~~~~~~~~~~~~~~~~~~~~~~~~~~~~~~~~~~^~~[m[K
[3.497s] [01m[K/home/sushant-ros/Coding/ROS2_Learning/ROS2_Basics/ros2_ws/src/my_cpp_pkg/src/number_publisher.cpp:[m[K In member function â€˜[01m[Kvoid NumberPublisherNode::[01;32m[Knumber_publisher[m[K()[m[Kâ€™:
[3.497s] [01m[K/home/sushant-ros/Coding/ROS2_Learning/ROS2_Basics/ros2_ws/src/my_cpp_pkg/src/number_publisher.cpp:17:54:[m[K [01;31m[Kerror: [m[Kexpected primary-expression before â€˜[01m[K;[m[Kâ€™ token
[3.497s]    17 |             auto msg = example_interfaces::msg::Int64[01;31m[K;[m[K
[3.497s]       |                                                      [01;31m[K^[m[K
[4.952s] gmake[2]: *** [CMakeFiles/number_publisher.dir/build.make:76: CMakeFiles/number_publisher.dir/src/number_publisher.cpp.o] Error 1
[4.953s] gmake[1]: *** [CMakeFiles/Makefile2:249: CMakeFiles/number_publisher.dir/all] Error 2
[4.953s] gmake: *** [Makefile:146: all] Error 2
[4.957s] Invoked command in '/home/sushant-ros/Coding/ROS2_Learning/ROS2_Basics/ros2_ws/build/my_cpp_pkg' returned '2': CMAKE_PREFIX_PATH=${CMAKE_PREFIX_PATH}:/home/sushant-ros/Coding/ROS2_Learning/ROS2_Basics/ros2_ws/install/my_py_pkg:/opt/ros/jazzy DEBUGINFOD_URLS=https://debuginfod.ubuntu.com /usr/bin/cmake --build /home/sushant-ros/Coding/ROS2_Learning/ROS2_Basics/ros2_ws/build/my_cpp_pkg -- -j8 -l8
