[ 41%] Built target cpp_node
[ 41%] Built target robot_news_station
[ 50%] Built target cpp_node_oop
[ 66%] Built target smartphone
[ 83%] Built target number_publisher
[ 91%] [32mBuilding CXX object CMakeFiles/number_counter.dir/src/number_counter.cpp.o[0m
[01m[K/home/sushant-ros/Coding/ROS2_Learning/ROS2_Basics/ros2_ws/src/my_cpp_pkg/src/number_counter.cpp:24:30:[m[K [01;31m[Kerror: [m[Kâ€˜[01m[Kexample[m[Kâ€™ was not declared in this scope
   24 |         rclcpp::Subscription<[01;31m[Kexample[m[K::interfaces::msg::Int64>::SharedPtr number_subscriber_;
      |                              [01;31m[K^~~~~~~[m[K
[01m[K/home/sushant-ros/Coding/ROS2_Learning/ROS2_Basics/ros2_ws/src/my_cpp_pkg/src/number_counter.cpp:24:61:[m[K [01;31m[Kerror: [m[Ktemplate argument 1 is invalid
   24 |         rclcpp::Subscription<example::interfaces::msg::Int64[01;31m[K>[m[K::SharedPtr number_subscriber_;
      |                                                             [01;31m[K^[m[K
[01m[K/home/sushant-ros/Coding/ROS2_Learning/ROS2_Basics/ros2_ws/src/my_cpp_pkg/src/number_counter.cpp:24:61:[m[K [01;31m[Kerror: [m[Ktemplate argument 3 is invalid
[01m[K/home/sushant-ros/Coding/ROS2_Learning/ROS2_Basics/ros2_ws/src/my_cpp_pkg/src/number_counter.cpp:24:61:[m[K [01;31m[Kerror: [m[Ktemplate argument 4 is invalid
[01m[K/home/sushant-ros/Coding/ROS2_Learning/ROS2_Basics/ros2_ws/src/my_cpp_pkg/src/number_counter.cpp:24:61:[m[K [01;31m[Kerror: [m[Ktemplate argument 5 is invalid
[01m[K/home/sushant-ros/Coding/ROS2_Learning/ROS2_Basics/ros2_ws/src/my_cpp_pkg/src/number_counter.cpp:24:64:[m[K [01;31m[Kerror: [m[Kexpected â€˜[01m[K;[m[Kâ€™ at end of member declaration
   24 |         rclcpp::Subscription<example::interfaces::msg::Int64>::[01;31m[KSharedPtr[m[K number_subscriber_;
      |                                                                [01;31m[K^~~~~~~~~[m[K
      |                                                                         [32m[K;[m[K
[01m[K/home/sushant-ros/Coding/ROS2_Learning/ROS2_Basics/ros2_ws/src/my_cpp_pkg/src/number_counter.cpp:24:74:[m[K [01;31m[Kerror: [m[Kâ€˜[01m[Knumber_subscriber_[m[Kâ€™ does not name a type
   24 |         rclcpp::Subscription<example::interfaces::msg::Int64>::SharedPtr [01;31m[Knumber_subscriber_[m[K;
      |                                                                          [01;31m[K^~~~~~~~~~~~~~~~~~[m[K
[01m[K/home/sushant-ros/Coding/ROS2_Learning/ROS2_Basics/ros2_ws/src/my_cpp_pkg/src/number_counter.cpp:[m[K In constructor â€˜[01m[KNumberCounterNode::[01;32m[KNumberCounterNode[m[K()[m[Kâ€™:
[01m[K/home/sushant-ros/Coding/ROS2_Learning/ROS2_Basics/ros2_ws/src/my_cpp_pkg/src/number_counter.cpp:10:13:[m[K [01;31m[Kerror: [m[Kâ€˜[01m[Knumber_subscriber_[m[Kâ€™ was not declared in this scope
   10 |             [01;31m[Knumber_subscriber_[m[K= this->create_subscription<example_interfaces::msg::Int64>("number", 10, std::bind(&NumberCounterNode::numberCallback, this, _1));
      |             [01;31m[K^~~~~~~~~~~~~~~~~~[m[K
gmake[2]: *** [CMakeFiles/number_counter.dir/build.make:76: CMakeFiles/number_counter.dir/src/number_counter.cpp.o] Error 1
gmake[1]: *** [CMakeFiles/Makefile2:277: CMakeFiles/number_counter.dir/all] Error 2
gmake: *** [Makefile:146: all] Error 2
